
> nextjs-app@0.1.21 build /Users/btlmo.hoangquanghuy/Desktop/Current Project/coin98-wallet-selector/apps/nextjs-app
> next build

- info Creating an optimized production build...
- warn Compiled with warnings

../../node_modules/.pnpm/keyv@4.5.4/node_modules/keyv/src/index.js
Critical dependency: the request of a dependency is an expression

Import trace for requested module:
../../node_modules/.pnpm/keyv@4.5.4/node_modules/keyv/src/index.js
../../node_modules/.pnpm/cacheable-request@7.0.4/node_modules/cacheable-request/src/index.js
../../node_modules/.pnpm/got@11.8.6/node_modules/got/dist/source/core/index.js
../../node_modules/.pnpm/got@11.8.6/node_modules/got/dist/source/create.js
../../node_modules/.pnpm/got@11.8.6/node_modules/got/dist/source/index.js
../../node_modules/.pnpm/swarm-js@0.1.42/node_modules/swarm-js/lib/files.js
../../node_modules/.pnpm/swarm-js@0.1.42/node_modules/swarm-js/lib/api-node.js
../../node_modules/.pnpm/web3-bzz@1.10.3/node_modules/web3-bzz/lib/index.js
../../node_modules/.pnpm/web3@1.10.3_encoding@0.1.13/node_modules/web3/lib/index.js
./components/bnbtestnet-section.tsx
./app/(routes)/page.tsx

../../node_modules/.pnpm/pino@7.11.0/node_modules/pino/lib/tools.js
Module not found: Can't resolve 'pino-pretty' in '/Users/btlmo.hoangquanghuy/Desktop/Current Project/coin98-wallet-selector/node_modules/.pnpm/pino@7.11.0/node_modules/pino/lib'

Import trace for requested module:
../../node_modules/.pnpm/pino@7.11.0/node_modules/pino/lib/tools.js
../../node_modules/.pnpm/pino@7.11.0/node_modules/pino/pino.js
../../node_modules/.pnpm/@walletconnect+logger@2.0.1/node_modules/@walletconnect/logger/dist/cjs/index.js
../../node_modules/.pnpm/@walletconnect+sign-client@2.10.6/node_modules/@walletconnect/sign-client/dist/index.cjs.js
../../packages/wallets/walletconnect/solana/dist/chunk-EBTATXXS.mjs
../../packages/wallets/walletconnect/solana/dist/index.mjs
../../packages/wallets/walletconnect/wallets/dist/index.mjs
./components/ui/provider.tsx

- info Linting and checking validity of types...
- error ESLint: Plugin "@next/next" was conflicted between ".eslintrc.json » eslint-config-next/core-web-vitals » plugin:@next/next/core-web-vitals" and "../../.eslintrc.js » eslint-config-custom » eslint-config-next » plugin:@next/next/recommended".
- info Collecting page data...
- info Generating static pages (0/9)
bigint: Failed to load bindings, pure JS will be used (try npm run rebuild?)
bigint: Failed to load bindings, pure JS will be used (try npm run rebuild?)
- info Generating static pages (2/9)
bigint: Failed to load bindings, pure JS will be used (try npm run rebuild?)
bigint: Failed to load bindings, pure JS will be used (try npm run rebuild?)
bigint: Failed to load bindings, pure JS will be used (try npm run rebuild?)
- info Generating static pages (4/9)
- info Generating static pages (6/9)
bigint: Failed to load bindings, pure JS will be used (try npm run rebuild?)
(node:12150) [DEP0005] DeprecationWarning: Buffer() is deprecated due to security and usability issues. Please use the Buffer.alloc(), Buffer.allocUnsafe(), or Buffer.from() methods instead.
(Use `node --trace-deprecation ...` to show where the warning was created)
- info Generating static pages (9/9)
- info Finalizing page optimization...

Route (app)                                Size     First Load JS
┌ ○ /                                      404 kB         2.73 MB
├ ○ /cosmos                                2.09 kB        1.93 MB
├ ○ /favicon.ico                           0 B                0 B
├ ○ /near                                  1.56 kB         335 kB
├ ○ /non-modal/evm                         8.56 kB         118 kB
├ ○ /particle                              3.71 kB         353 kB
└ ○ /polkadot                              2.22 kB         605 kB
+ First Load JS shared by all              110 kB
  ├ chunks/2934-07864687f9a953b0.js        26.2 kB
  ├ chunks/599-b500d9e750fb9b13.js         31 kB
  ├ chunks/c260e7fb-f77d595093cab1a6.js    50.5 kB
  ├ chunks/main-app-679aca6e82d32407.js    227 B
  └ chunks/webpack-d97a94e19177d9e3.js     1.89 kB

Route (pages)                              Size     First Load JS
─ ○ /404                                   186 B          76.9 kB
+ First Load JS shared by all              76.7 kB
  ├ chunks/framework-d01b68062ece2457.js   45.1 kB
  ├ chunks/main-ff28d49a1205f3f0.js        29.5 kB
  ├ chunks/pages/_app-4b6920feab250834.js  198 B
  └ chunks/webpack-d97a94e19177d9e3.js     1.89 kB

○  (Static)  automatically rendered as static HTML (uses no initial props)

